<?xml version="1.0" encoding="UTF-8"?>
<!-- Generated by org.testng.reporters.JUnitReportReporter -->
<testsuite skipped="0" hostname="GRA" name="maven_tutorial.Mavenjava.SeleniumTest" tests="2" failures="0" timestamp="24 Jun 2020 20:43:00 GMT" time="0.000" errors="0">
  <testcase name="elements" time="0.000" classname="maven_tutorial.Mavenjava.SeleniumTest"/>
  <testcase name="BrowserAutomation" time="0.000" classname="maven_tutorial.Mavenjava.SeleniumTest"/>
</testsuite> <!-- maven_tutorial.Mavenjava.SeleniumTest -->
