<?xml version="1.0" encoding="UTF-8"?>
<!-- Generated by org.testng.reporters.JUnitReportReporter -->
<testsuite skipped="0" hostname="GRA" name="maven_tutorial.Mavenjava.RESTAPITest" tests="2" failures="0" timestamp="24 Jun 2020 20:43:00 GMT" time="0.006" errors="0">
  <testcase name="deleteTwitter" time="0.005" classname="maven_tutorial.Mavenjava.RESTAPITest"/>
  <testcase name="postJira" time="0.001" classname="maven_tutorial.Mavenjava.RESTAPITest"/>
</testsuite> <!-- maven_tutorial.Mavenjava.RESTAPITest -->
