<?xml version="1.0" encoding="UTF-8"?>
<!-- Generated by org.testng.reporters.JUnitReportReporter -->
<testsuite skipped="0" hostname="GRA" name="maven_tutorial.Mavenjava.AppiumTest" tests="2" failures="0" timestamp="24 Jun 2020 20:42:41 GMT" time="0.000" errors="0">
  <testcase name="IOSApps" time="0.000" classname="maven_tutorial.Mavenjava.AppiumTest"/>
  <testcase name="NativeAppAndroid" time="0.000" classname="maven_tutorial.Mavenjava.AppiumTest"/>
</testsuite> <!-- maven_tutorial.Mavenjava.AppiumTest -->
